{
  "RSpec": {
    "coverage": {
      "/Users/Silas/Development/spark6/masterclass/app/helpers/application_helper.rb": [
        1,
        null,
        1,
        0,
        null,
        null,
        null,
        null,
        0,
        null,
        null,
        1,
        1,
        null,
        null,
        1,
        1,
        null,
        1,
        1,
        12,
        null,
        null,
        null,
        null,
        1,
        0,
        null,
        0,
        0,
        0,
        null,
        null,
        null,
        null,
        null
      ],
      "/Users/Silas/Development/spark6/masterclass/app/helpers/cart_products_helper.rb": [
        1,
        null
      ],
      "/Users/Silas/Development/spark6/masterclass/app/helpers/coupons_helper.rb": [
        1,
        null
      ],
      "/Users/Silas/Development/spark6/masterclass/app/helpers/course_comments_helper.rb": [
        1,
        1,
        null,
        1,
        0,
        0,
        0,
        null,
        null,
        1,
        0,
        0,
        0,
        null,
        null,
        1,
        0,
        0,
        0,
        0,
        null,
        null,
        null,
        null,
        null
      ],
      "/Users/Silas/Development/spark6/masterclass/app/helpers/course_facts_helper.rb": [
        1,
        null
      ],
      "/Users/Silas/Development/spark6/masterclass/app/helpers/courses_helper.rb": [
        1,
        null,
        1,
        5,
        5,
        null,
        null,
        1,
        3,
        1,
        2,
        1,
        null,
        1,
        null,
        null,
        null,
        1,
        0,
        null,
        null,
        1,
        23,
        null,
        null,
        1,
        0,
        0,
        null,
        0,
        null,
        null,
        null,
        1,
        0,
        null,
        null,
        1,
        0,
        0,
        null,
        null,
        1,
        0,
        null,
        null,
        1,
        1,
        1,
        1,
        null,
        0,
        null,
        null,
        null,
        1,
        0,
        0,
        0,
        0,
        null,
        0,
        null,
        null,
        null,
        null
      ],
      "/Users/Silas/Development/spark6/masterclass/app/helpers/documents_helper.rb": [
        1,
        1,
        24,
        39,
        null,
        null,
        24,
        24,
        null,
        null
      ],
      "/Users/Silas/Development/spark6/masterclass/app/helpers/experiment_values_helper.rb": [
        1,
        null
      ],
      "/Users/Silas/Development/spark6/masterclass/app/helpers/messages_helper.rb": [
        1,
        null
      ],
      "/Users/Silas/Development/spark6/masterclass/app/helpers/navbar_helper.rb": [
        1,
        1,
        null,
        null,
        null,
        null,
        null,
        null,
        null,
        null,
        null,
        null,
        null,
        null,
        null,
        null,
        null,
        null,
        null,
        null,
        null,
        null,
        null,
        null,
        null,
        null,
        null,
        null,
        null,
        null,
        null,
        null,
        null,
        null,
        null,
        null,
        null,
        null,
        null,
        null,
        null,
        null,
        null,
        null,
        null,
        null,
        null,
        null,
        null,
        null,
        null,
        null,
        null,
        null,
        null,
        null,
        null,
        null,
        null,
        null,
        null,
        1,
        0,
        null,
        null,
        1,
        0,
        0,
        null,
        0,
        null,
        null,
        null,
        1,
        0,
        0,
        null,
        0,
        null,
        null,
        null
      ],
      "/Users/Silas/Development/spark6/masterclass/app/helpers/order_products_helper.rb": [
        1,
        null
      ],
      "/Users/Silas/Development/spark6/masterclass/app/helpers/orders_helper.rb": [
        1,
        1,
        0,
        0,
        null,
        null
      ],
      "/Users/Silas/Development/spark6/masterclass/app/helpers/password_resets_helper.rb": [
        1,
        null
      ],
      "/Users/Silas/Development/spark6/masterclass/app/helpers/products_helper.rb": [
        1,
        null
      ],
      "/Users/Silas/Development/spark6/masterclass/app/helpers/slugs_helper.rb": [
        1,
        1,
        19,
        0,
        19,
        8,
        8,
        null,
        null,
        null,
        1,
        19,
        null,
        null,
        1,
        19,
        null,
        null
      ],
      "/Users/Silas/Development/spark6/masterclass/app/helpers/user_courses_helper.rb": [
        1,
        null
      ],
      "/Users/Silas/Development/spark6/masterclass/app/helpers/users_helper.rb": [
        1,
        null,
        1,
        null,
        1,
        2,
        0,
        0,
        null,
        null,
        2,
        null,
        2,
        null,
        null,
        1,
        0,
        0,
        0,
        null,
        null,
        0,
        0,
        null,
        0,
        null,
        null,
        1,
        2,
        2,
        null,
        null
      ],
      "/Users/Silas/Development/spark6/masterclass/app/controllers/accounts_controller.rb": [
        1,
        1,
        null,
        1,
        null,
        1,
        0,
        0,
        0,
        0,
        0,
        null,
        0,
        null,
        null,
        null,
        1,
        0,
        0,
        0,
        0,
        null,
        null,
        1,
        null,
        2,
        null,
        null,
        1,
        0,
        0,
        0,
        null,
        null,
        1,
        7,
        7,
        7,
        5,
        2,
        1,
        null,
        1,
        1,
        null,
        null,
        4,
        null,
        2,
        null,
        null,
        null,
        1,
        0,
        0,
        0,
        null,
        null,
        1,
        null,
        1,
        2,
        2,
        null,
        null,
        1,
        9,
        null,
        null,
        1,
        7,
        7,
        7,
        7,
        7,
        7,
        null,
        null,
        null,
        null,
        7,
        null,
        null,
        null,
        1,
        2,
        null,
        null,
        null
      ],
      "/Users/Silas/Development/spark6/masterclass/app/controllers/application_controller.rb": [
        1,
        1,
        null,
        1,
        null,
        1,
        1,
        null,
        1,
        null,
        1,
        null,
        1,
        null,
        null,
        1,
        291,
        null,
        null,
        1,
        null,
        37,
        null,
        0,
        37,
        null,
        null,
        1,
        5,
        null,
        null,
        1,
        2,
        null,
        null,
        1,
        80,
        0,
        0,
        null,
        null,
        null,
        1,
        19,
        0,
        0,
        null,
        null,
        null,
        1,
        2,
        2,
        null,
        null,
        null,
        1,
        4,
        4,
        null,
        null,
        1,
        291,
        289,
        289,
        null,
        291,
        263,
        261,
        261,
        null,
        263,
        null,
        null,
        null,
        1,
        49,
        null,
        null,
        1,
        158,
        null,
        null
      ],
      "/Users/Silas/Development/spark6/masterclass/app/controllers/api/v1/user_courses_controller.rb": [
        1,
        1,
        1,
        null,
        1,
        2,
        2,
        null,
        null,
        0,
        null,
        null,
        null,
        1,
        null,
        1,
        4,
        4,
        null,
        null,
        1,
        2,
        null,
        null
      ],
      "/Users/Silas/Development/spark6/masterclass/app/controllers/api/v1/base_controller.rb": [
        1,
        1,
        1,
        1,
        null,
        1,
        2,
        null,
        null,
        1,
        4,
        null,
        null,
        1,
        null,
        1,
        4,
        0,
        null,
        null,
        null,
        1,
        0,
        0,
        0,
        0,
        0,
        0,
        0,
        null,
        null
      ],
      "/Users/Silas/Development/spark6/masterclass/app/controllers/carts_controller.rb": [
        1,
        1,
        1,
        1,
        1,
        1,
        null,
        1,
        1,
        1,
        null,
        null,
        1,
        1,
        1,
        1,
        1,
        null,
        null,
        1,
        1,
        null,
        1,
        1,
        null,
        0,
        0,
        null,
        1,
        null,
        null,
        1,
        1,
        null,
        1,
        0,
        null,
        null,
        1,
        null,
        null,
        1,
        1,
        1,
        1,
        1,
        1,
        1,
        null,
        0,
        0,
        null,
        1,
        1,
        null,
        null,
        1,
        2,
        2,
        2,
        null,
        null,
        1,
        null,
        1,
        6,
        2,
        null,
        4,
        null,
        null,
        null,
        1,
        2,
        2,
        null,
        null,
        1,
        3,
        null,
        null
      ],
      "/Users/Silas/Development/spark6/masterclass/app/controllers/chapters_controller.rb": [
        1,
        1,
        1,
        1,
        1,
        null,
        1,
        null,
        1,
        1,
        1,
        null,
        null,
        null,
        1,
        2,
        2,
        2,
        1,
        1,
        1,
        null,
        1,
        null,
        null,
        null,
        2,
        2,
        2,
        0,
        null,
        2,
        null,
        2,
        0,
        0,
        null,
        2,
        2,
        null,
        null,
        2,
        null,
        null,
        1,
        1,
        1,
        null,
        null,
        1,
        1,
        null,
        null,
        1,
        7,
        7,
        null,
        7,
        5,
        5,
        null,
        2,
        null,
        null,
        null,
        1,
        5,
        5,
        2,
        2,
        null,
        3,
        null,
        null,
        null,
        1,
        2,
        2,
        2,
        null,
        null,
        null,
        1,
        null,
        1,
        11,
        null,
        null,
        1,
        19,
        null,
        null,
        null,
        1,
        19,
        null,
        null
      ],
      "/Users/Silas/Development/spark6/masterclass/app/controllers/coupons_controller.rb": [
        1,
        1,
        1,
        1,
        1,
        null,
        1,
        1,
        1,
        null,
        null,
        1,
        0,
        null,
        null,
        1,
        1,
        1,
        null,
        null,
        1,
        1,
        null,
        null,
        1,
        5,
        5,
        null,
        5,
        3,
        null,
        2,
        null,
        null,
        null,
        1,
        5,
        5,
        2,
        null,
        3,
        null,
        null,
        null,
        1,
        2,
        2,
        2,
        null,
        null,
        null,
        1,
        null,
        1,
        8,
        null,
        null,
        1,
        15,
        null,
        null,
        null,
        1,
        10,
        null,
        null
      ],
      "/Users/Silas/Development/spark6/masterclass/app/controllers/course_comments_controller.rb": [
        1,
        1,
        1,
        1,
        1,
        null,
        null,
        1,
        2,
        2,
        2,
        2,
        null,
        null,
        null,
        1,
        1,
        null,
        null,
        null,
        1,
        1,
        null,
        null,
        null,
        1,
        10,
        10,
        5,
        null,
        null,
        null,
        null,
        9,
        null,
        9,
        9,
        9,
        7,
        1,
        1,
        1,
        1,
        null,
        6,
        3,
        null,
        3,
        null,
        null,
        null,
        3,
        3,
        null,
        null,
        null,
        2,
        null,
        null,
        null,
        1,
        9,
        null,
        8,
        8,
        6,
        6,
        6,
        null,
        null,
        8,
        2,
        null,
        null,
        null,
        null,
        1,
        null,
        1,
        6,
        1,
        1,
        null,
        null,
        null,
        null,
        1,
        6,
        6,
        4,
        4,
        null,
        null,
        null,
        1,
        2,
        1,
        1,
        1,
        null,
        1,
        null,
        null,
        null,
        1,
        23,
        null,
        null,
        1,
        11,
        null,
        null,
        1,
        11,
        6,
        null,
        5,
        null,
        null,
        null,
        1,
        15,
        6,
        null,
        9,
        null,
        null,
        null
      ],
      "/Users/Silas/Development/spark6/masterclass/app/controllers/course_facts_controller.rb": [
        1,
        1,
        1,
        1,
        1,
        null,
        1,
        0,
        null,
        null,
        1,
        1,
        1,
        null,
        null,
        1,
        1,
        null,
        null,
        1,
        5,
        5,
        null,
        5,
        3,
        null,
        2,
        null,
        null,
        null,
        1,
        5,
        5,
        2,
        null,
        3,
        null,
        null,
        null,
        1,
        2,
        2,
        2,
        null,
        null,
        1,
        null,
        1,
        8,
        null,
        null,
        1,
        14,
        null,
        null,
        null,
        1,
        10,
        null,
        null
      ],
      "/Users/Silas/Development/spark6/masterclass/app/controllers/course_reviews_controller.rb": [
        1,
        null,
        1,
        1,
        1,
        1,
        null,
        1,
        3,
        2,
        1,
        1,
        null,
        1,
        null,
        null,
        null,
        1,
        1,
        1,
        null,
        null,
        1,
        1,
        null,
        null,
        1,
        5,
        5,
        5,
        null,
        5,
        3,
        null,
        2,
        null,
        null,
        null,
        1,
        5,
        5,
        2,
        null,
        3,
        null,
        null,
        null,
        1,
        0,
        0,
        null,
        null,
        1,
        null,
        1,
        6,
        null,
        null,
        1,
        10,
        5,
        null,
        5,
        null,
        null,
        null,
        1,
        13,
        null,
        null,
        null
      ],
      "/Users/Silas/Development/spark6/masterclass/app/controllers/courses_controller.rb": [
        1,
        1,
        1,
        1,
        1,
        1,
        1,
        1,
        null,
        1,
        null,
        1,
        null,
        2,
        2,
        2,
        2,
        2,
        null,
        null,
        null,
        null,
        null,
        null,
        null,
        null,
        1,
        1,
        1,
        1,
        1,
        null,
        1,
        null,
        null,
        1,
        1,
        1,
        null,
        1,
        null,
        null,
        1,
        1,
        1,
        null,
        null,
        1,
        null,
        null,
        1,
        7,
        7,
        null,
        7,
        5,
        5,
        5,
        5,
        null,
        2,
        null,
        null,
        null,
        1,
        5,
        2,
        2,
        null,
        3,
        null,
        null,
        null,
        1,
        2,
        2,
        null,
        null,
        1,
        0,
        0,
        0,
        0,
        null,
        null,
        1,
        null,
        1,
        19,
        null,
        null,
        1,
        11,
        11,
        11,
        null,
        null,
        1,
        0,
        null,
        null,
        null,
        1,
        19,
        19,
        19,
        19,
        19,
        19,
        2,
        null,
        19,
        null,
        null
      ],
      "/Users/Silas/Development/spark6/masterclass/app/controllers/documents_controller.rb": [
        1,
        1,
        1,
        1,
        1,
        null,
        1,
        null,
        1,
        1,
        1,
        null,
        null,
        1,
        null,
        null,
        1,
        1,
        1,
        null,
        null,
        1,
        5,
        5,
        null,
        5,
        3,
        null,
        2,
        null,
        null,
        null,
        1,
        5,
        2,
        null,
        3,
        null,
        null,
        null,
        1,
        2,
        2,
        null,
        null,
        1,
        null,
        1,
        9,
        9,
        null,
        null,
        null,
        1,
        10,
        null,
        null
      ],
      "/Users/Silas/Development/spark6/masterclass/app/controllers/email_templates_controller.rb": [
        1,
        1,
        1,
        1,
        1,
        null,
        1,
        1,
        1,
        null,
        null,
        1,
        0,
        null,
        null,
        1,
        1,
        1,
        null,
        null,
        1,
        1,
        1,
        1,
        1,
        null,
        0,
        null,
        null,
        1,
        1,
        0,
        0,
        null,
        null,
        null,
        1,
        5,
        5,
        null,
        5,
        3,
        null,
        2,
        null,
        null,
        null,
        1,
        5,
        5,
        2,
        null,
        3,
        null,
        null,
        null,
        1,
        2,
        2,
        2,
        null,
        null,
        null,
        1,
        null,
        1,
        8,
        null,
        null,
        1,
        15,
        null,
        null,
        null,
        1,
        10,
        null,
        null
      ],
      "/Users/Silas/Development/spark6/masterclass/app/controllers/experiment_values_controller.rb": [
        1,
        1,
        1,
        1,
        1,
        null,
        1,
        1,
        1,
        null,
        null,
        1,
        1,
        1,
        null,
        null,
        1,
        null,
        null,
        1,
        5,
        5,
        null,
        5,
        3,
        null,
        2,
        null,
        null,
        null,
        1,
        5,
        2,
        null,
        3,
        null,
        null,
        null,
        1,
        2,
        2,
        null,
        null,
        1,
        null,
        1,
        8,
        8,
        null,
        null,
        null,
        1,
        10,
        null,
        null
      ],
      "/Users/Silas/Development/spark6/masterclass/app/controllers/images_controller.rb": [
        1,
        1,
        1,
        1,
        1,
        null,
        1,
        null,
        1,
        1,
        1,
        1,
        null,
        null,
        1,
        5,
        5,
        5,
        null,
        5,
        3,
        0,
        null,
        3,
        null,
        null,
        2,
        null,
        null,
        null,
        1,
        2,
        2,
        0,
        null,
        2,
        null,
        null,
        null,
        null,
        1,
        null,
        1,
        8,
        0,
        0,
        8,
        0,
        0,
        null,
        8,
        null,
        null,
        null,
        1,
        9,
        null,
        null,
        1,
        14,
        null,
        null,
        1,
        1,
        0,
        0,
        1,
        0,
        0,
        0,
        null,
        1,
        1,
        null,
        null,
        null,
        1,
        6,
        0,
        6,
        6,
        null,
        null,
        null,
        1,
        2,
        2,
        null,
        null,
        1,
        5,
        null,
        null
      ],
      "/Users/Silas/Development/spark6/masterclass/app/controllers/instructors_controller.rb": [
        1,
        1,
        1,
        1,
        1,
        null,
        1,
        null,
        1,
        1,
        1,
        null,
        null,
        1,
        null,
        null,
        1,
        1,
        1,
        null,
        null,
        1,
        null,
        null,
        1,
        5,
        5,
        null,
        5,
        3,
        3,
        null,
        2,
        null,
        null,
        null,
        1,
        5,
        2,
        2,
        null,
        3,
        null,
        null,
        null,
        1,
        2,
        2,
        null,
        null,
        1,
        null,
        1,
        10,
        10,
        null,
        null,
        null,
        1,
        15,
        null,
        null
      ],
      "/Users/Silas/Development/spark6/masterclass/app/controllers/invites_controller.rb": [
        1,
        1,
        5,
        5,
        null,
        5,
        2,
        null,
        3,
        3,
        2,
        1,
        1,
        null,
        null,
        null,
        null,
        1,
        null,
        null,
        1,
        5,
        null,
        null
      ],
      "/Users/Silas/Development/spark6/masterclass/app/controllers/messages_controller.rb": [
        1,
        1,
        1,
        null,
        1,
        0,
        0,
        0,
        null,
        null,
        1,
        4,
        4,
        4,
        4,
        null,
        4,
        2,
        2,
        2,
        null,
        2,
        null,
        null,
        null,
        1,
        null,
        1,
        4,
        null,
        null,
        null,
        1,
        4,
        null,
        null
      ],
      "/Users/Silas/Development/spark6/masterclass/app/controllers/orders_controller.rb": [
        1,
        1,
        1,
        1,
        1,
        1,
        null,
        1,
        1,
        1,
        null,
        null,
        1,
        null,
        null,
        1,
        10,
        10,
        10,
        10,
        null,
        10,
        10,
        7,
        7,
        7,
        7,
        7,
        7,
        7,
        null,
        0,
        null,
        null,
        3,
        3,
        3,
        3,
        null,
        null,
        0,
        0,
        null,
        null,
        null,
        1,
        0,
        0,
        null,
        0,
        0,
        null,
        null,
        null,
        1,
        null,
        1,
        12,
        null,
        null,
        1,
        1,
        1,
        null,
        null,
        1,
        0,
        null,
        null,
        null,
        1,
        0,
        null,
        null,
        1,
        1,
        1,
        null,
        null
      ],
      "/Users/Silas/Development/spark6/masterclass/app/controllers/pages_controller.rb": [
        1,
        1,
        1,
        null,
        null,
        1,
        1,
        1,
        null,
        1,
        1,
        null,
        1,
        null,
        null,
        1,
        0,
        null,
        null,
        1,
        0,
        null,
        null,
        1,
        0,
        null,
        null,
        1,
        0,
        null,
        null,
        1,
        0,
        null,
        null,
        1,
        0,
        null,
        null
      ],
      "/Users/Silas/Development/spark6/masterclass/app/controllers/password_resets_controller.rb": [
        1,
        1,
        null,
        null,
        1,
        2,
        null,
        2,
        2,
        2,
        null,
        null,
        null,
        null,
        null,
        null,
        null,
        null,
        1,
        4,
        null,
        4,
        null,
        4,
        2,
        null,
        2,
        null,
        null,
        null,
        null,
        null,
        1,
        4,
        4,
        null,
        4,
        null,
        1,
        null,
        1,
        null,
        3,
        1,
        1,
        null,
        1,
        null,
        null,
        2,
        null,
        null,
        null,
        null,
        1,
        null,
        1,
        3,
        null,
        null,
        1,
        3,
        null,
        null
      ],
      "/Users/Silas/Development/spark6/masterclass/app/controllers/payments_controller.rb": [
        1,
        1,
        1,
        1,
        1,
        null,
        1,
        null,
        null,
        1,
        2,
        2,
        2,
        2,
        1,
        null,
        1,
        null,
        2,
        null,
        null,
        1,
        null,
        1,
        2,
        null,
        null,
        1,
        3,
        null,
        null,
        1,
        3,
        3,
        null,
        null
      ],
      "/Users/Silas/Development/spark6/masterclass/app/controllers/products_controller.rb": [
        1,
        1,
        1,
        1,
        1,
        null,
        1,
        1,
        1,
        null,
        null,
        1,
        null,
        null,
        1,
        1,
        1,
        null,
        null,
        1,
        null,
        null,
        1,
        5,
        5,
        null,
        5,
        3,
        null,
        2,
        null,
        null,
        null,
        1,
        5,
        2,
        null,
        3,
        null,
        null,
        null,
        1,
        2,
        2,
        null,
        null,
        1,
        null,
        null,
        1,
        10,
        10,
        null,
        null,
        null,
        1,
        10,
        null,
        null
      ],
      "/Users/Silas/Development/spark6/masterclass/app/controllers/recommendations_controller.rb": [
        1,
        1,
        1,
        1,
        1,
        null,
        1,
        1,
        1,
        null,
        null,
        1,
        1,
        null,
        null,
        1,
        5,
        5,
        null,
        5,
        3,
        null,
        2,
        null,
        null,
        null,
        1,
        5,
        5,
        2,
        null,
        3,
        null,
        null,
        null,
        1,
        2,
        2,
        2,
        null,
        null,
        1,
        null,
        1,
        14,
        null,
        null,
        null,
        1,
        8,
        null,
        null,
        null,
        1,
        10,
        null,
        null
      ],
      "/Users/Silas/Development/spark6/masterclass/app/controllers/user_courses_controller.rb": [
        1,
        1,
        1,
        1,
        1,
        null,
        1,
        null,
        null,
        1,
        5,
        2,
        null,
        3,
        null,
        null,
        null,
        1,
        1,
        1,
        null,
        null,
        1,
        1,
        1,
        null,
        null,
        1,
        null,
        1,
        6,
        6,
        null,
        null,
        1,
        2,
        null,
        null,
        null,
        1,
        5,
        null,
        null
      ],
      "/Users/Silas/Development/spark6/masterclass/app/controllers/user_sessions_controller.rb": [
        1,
        null,
        1,
        null,
        null,
        1,
        null,
        1,
        null,
        1,
        null,
        1,
        5,
        null,
        null,
        1,
        4,
        4,
        null,
        null,
        1,
        0,
        0,
        null,
        0,
        null,
        null,
        1,
        5,
        5,
        0,
        null,
        5,
        null,
        null,
        5,
        4,
        4,
        4,
        0,
        0,
        null,
        4,
        null,
        null,
        1,
        1,
        1,
        null,
        0,
        null,
        null,
        0,
        0,
        null,
        0,
        null,
        null,
        null,
        1,
        0,
        null,
        null,
        null,
        null,
        0,
        null,
        0,
        null,
        0,
        0,
        null,
        null,
        null,
        1,
        1,
        1,
        1,
        null,
        null,
        1,
        null,
        1,
        4,
        2,
        null,
        1,
        null,
        null,
        4,
        2,
        null,
        null,
        null,
        1,
        0,
        null,
        null,
        null,
        1,
        4,
        4,
        4,
        0,
        4,
        1,
        3,
        1,
        null,
        2,
        null,
        null,
        null,
        null
      ],
      "/Users/Silas/Development/spark6/masterclass/app/controllers/users_controller.rb": [
        1,
        1,
        1,
        1,
        null,
        1,
        1,
        1,
        null,
        null,
        1,
        null,
        null,
        1,
        1,
        null,
        null,
        1,
        6,
        3,
        null,
        null,
        6,
        3,
        null,
        3,
        null,
        null,
        null,
        1,
        2,
        2,
        null,
        null,
        1,
        null,
        1,
        10,
        10,
        null,
        null,
        1,
        6,
        null,
        null
      ],
      "/Users/Silas/Development/spark6/masterclass/app/controllers/admin_controller.rb": [
        1,
        1,
        1,
        1,
        null
      ],
      "/Users/Silas/Development/spark6/masterclass/app/decorators/cart_product_decorator.rb": [
        1,
        1,
        null,
        null,
        null,
        null,
        null,
        null,
        null,
        null,
        null,
        null,
        null
      ],
      "/Users/Silas/Development/spark6/masterclass/app/decorators/coupon_decorator.rb": [
        1,
        1,
        null,
        1,
        3,
        null,
        null,
        1,
        null,
        4,
        4,
        4,
        null,
        null,
        1,
        null,
        1,
        null,
        null
      ],
      "/Users/Silas/Development/spark6/masterclass/app/models/coupon.rb": [
        1,
        1,
        1,
        null,
        1,
        null
      ],
      "/Users/Silas/Development/spark6/masterclass/app/decorators/course_comment_decorator.rb": [
        1,
        1,
        null,
        1,
        null,
        null,
        null,
        null,
        3,
        3,
        null,
        null,
        1,
        0,
        0,
        null,
        0,
        null,
        null,
        null,
        1,
        null,
        null,
        0,
        null,
        0,
        null,
        0,
        0,
        null,
        null,
        1,
        6,
        6,
        4,
        null,
        2,
        null,
        null,
        null,
        1,
        null,
        1,
        3,
        null,
        null,
        1,
        0,
        null,
        null
      ],
      "/Users/Silas/Development/spark6/masterclass/app/decorators/course_fact_decorator.rb": [
        1,
        1,
        null,
        1,
        0,
        null,
        null,
        1,
        1,
        null,
        null
      ],
      "/Users/Silas/Development/spark6/masterclass/app/decorators/course_review_decorator.rb": [
        1,
        1,
        null,
        null,
        null,
        null,
        null,
        null,
        null,
        null,
        null,
        null,
        null
      ],
      "/Users/Silas/Development/spark6/masterclass/app/decorators/document_decorator.rb": [
        1,
        1,
        1,
        null,
        1,
        null,
        1,
        0,
        0,
        null,
        null,
        1,
        0,
        0,
        null,
        0,
        null,
        null,
        null,
        1,
        0,
        0,
        null,
        null,
        null,
        null,
        null,
        1,
        null,
        1,
        null,
        0,
        0,
        null,
        null,
        null,
        1,
        0,
        null,
        null
      ],
      "/Users/Silas/Development/spark6/masterclass/app/decorators/message_decorator.rb": [
        1,
        1,
        null,
        null,
        null,
        null,
        null,
        null,
        null,
        null,
        null,
        null,
        null
      ],
      "/Users/Silas/Development/spark6/masterclass/app/decorators/order_product_decorator.rb": [
        1,
        1,
        null,
        null,
        null,
        null,
        null,
        null,
        null,
        null,
        null,
        null,
        null
      ],
      "/Users/Silas/Development/spark6/masterclass/app/decorators/product_decorator.rb": [
        1,
        1,
        null,
        null,
        null,
        null,
        null,
        null,
        null,
        null,
        null,
        null,
        null
      ],
      "/Users/Silas/Development/spark6/masterclass/app/decorators/user_course_decorator.rb": [
        1,
        1,
        1,
        null,
        1,
        null,
        1,
        2,
        null,
        null,
        1,
        12,
        12,
        null,
        null,
        1,
        3,
        3,
        1,
        null,
        2,
        null,
        null,
        null,
        1,
        4,
        null,
        null,
        1,
        4,
        null,
        null,
        1,
        1,
        null,
        1,
        12,
        12,
        null,
        null,
        1,
        8,
        6,
        null,
        2,
        null,
        null,
        null,
        null,
        1,
        null,
        1,
        3,
        3,
        null,
        null,
        1,
        3,
        3,
        null,
        null,
        1,
        2,
        null,
        null
      ],
      "/Users/Silas/Development/spark6/masterclass/app/decorators/user_decorator.rb": [
        1,
        1,
        1,
        1,
        1,
        1,
        null,
        1,
        54,
        1,
        53,
        51,
        2,
        1,
        null,
        1,
        null,
        null,
        null,
        1,
        0,
        0,
        0,
        null,
        null,
        0,
        null,
        0,
        null,
        null,
        1,
        0,
        0,
        0,
        null,
        0,
        null,
        0,
        null,
        null,
        null,
        null,
        1,
        0,
        0,
        null,
        null,
        null,
        1,
        0,
        0,
        null,
        null,
        null,
        1,
        0,
        0,
        null,
        null,
        null,
        1,
        0,
        null,
        null,
        1,
        0,
        null,
        null,
        1,
        0,
        null,
        null,
        1,
        0,
        0,
        null,
        null,
        1,
        0,
        null,
        null,
        1,
        0,
        0,
        null,
        null,
        1,
        0,
        null,
        null,
        1,
        0,
        null,
        null,
        1,
        0,
        0,
        null,
        null,
        1,
        0,
        null,
        null,
        1,
        0,
        0,
        null,
        null,
        1,
        0,
        null,
        null,
        1,
        0,
        null,
        null,
        1,
        0,
        null,
        null,
        1,
        0,
        null,
        null,
        1,
        0,
        null,
        null,
        1,
        0,
        null,
        null,
        1,
        0,
        null,
        null,
        1,
        0,
        null,
        null,
        1,
        null,
        1,
        0,
        0,
        null,
        null
      ],
      "/Users/Silas/Development/spark6/masterclass/app/models/concerns/hash_helper.rb": [
        1,
        1,
        1,
        null,
        1,
        null,
        null,
        null,
        1,
        0,
        0,
        0,
        null,
        0,
        null,
        null,
        null,
        null,
        1,
        0,
        0,
        0,
        0,
        0,
        null,
        0,
        0,
        null,
        0,
        0,
        0,
        null,
        0,
        0,
        null,
        null,
        null,
        null,
        null,
        null,
        null,
        null,
        null,
        1,
        0,
        0,
        0,
        0,
        null,
        0,
        null,
        0,
        null,
        null,
        null,
        0,
        0,
        null,
        null,
        0,
        null,
        null,
        null,
        1,
        null,
        null,
        null,
        null
      ],
      "/Users/Silas/Development/spark6/masterclass/app/models/concerns/us_states.rb": [
        1,
        1,
        1,
        1,
        null,
        null,
        null,
        null,
        null,
        null,
        null,
        null,
        null,
        null,
        null,
        null,
        null,
        null,
        null,
        null,
        null,
        null,
        null,
        null,
        null,
        null,
        null,
        null,
        null,
        null,
        null,
        null,
        null,
        null,
        null,
        null,
        null,
        null,
        null,
        null,
        null,
        null,
        null,
        null,
        null,
        null,
        null,
        null,
        null,
        null,
        null,
        null,
        null,
        null,
        null,
        null,
        null,
        null,
        null,
        null,
        null,
        null,
        1,
        1,
        null,
        null,
        1,
        0,
        null,
        null,
        1,
        0,
        0,
        null,
        null,
        1,
        1,
        1,
        null,
        null,
        null,
        null
      ],
      "/Users/Silas/Development/spark6/masterclass/app/models/concerns/countries.rb": [
        1,
        1,
        1,
        1,
        null,
        null,
        null,
        1,
        0,
        0,
        null,
        null,
        1,
        null,
        null,
        null,
        null,
        null,
        null,
        null,
        null,
        null,
        null,
        null,
        null,
        null,
        null,
        null,
        null,
        null,
        null,
        null,
        null,
        null,
        null,
        null,
        null,
        null,
        null,
        null,
        null,
        null,
        null,
        null,
        null,
        null,
        null,
        null,
        null,
        null,
        null,
        null,
        null,
        null,
        null,
        null,
        null,
        null,
        null,
        null,
        null,
        null,
        null,
        null,
        null,
        null,
        null,
        null,
        null,
        null,
        null,
        null,
        null,
        null,
        null,
        null,
        null,
        null,
        null,
        null,
        null,
        null,
        null,
        null,
        null,
        null,
        null,
        null,
        null,
        null,
        null,
        null,
        null,
        null,
        null,
        null,
        null,
        null,
        null,
        null,
        null,
        null,
        null,
        null,
        null,
        null,
        null,
        null,
        null,
        null,
        null,
        null,
        null,
        null,
        null,
        null,
        null,
        null,
        null,
        null,
        null,
        null,
        null,
        null,
        null,
        null,
        null,
        null,
        null,
        null,
        null,
        null,
        null,
        null,
        null,
        null,
        null,
        null,
        null,
        null,
        null,
        null,
        null,
        null,
        null,
        null,
        null,
        null,
        null,
        null,
        null,
        null,
        null,
        null,
        null,
        null,
        null,
        null,
        null,
        null,
        null,
        null,
        null,
        null,
        null,
        null,
        null,
        null,
        null,
        null,
        null,
        null,
        null,
        null,
        null,
        null,
        null,
        null,
        null,
        null,
        null,
        null,
        null,
        null,
        null,
        null,
        null,
        null,
        null,
        null,
        null,
        null,
        null,
        null,
        null,
        null,
        null,
        null,
        null,
        null,
        null,
        null,
        null,
        null,
        null,
        null,
        null,
        null,
        null,
        null,
        null,
        null,
        null,
        null,
        null,
        null,
        null,
        null,
        null,
        null,
        null,
        null,
        null,
        null,
        null,
        null,
        null,
        null,
        null,
        null,
        null,
        null,
        null,
        null,
        null,
        null,
        null,
        null,
        null,
        null,
        null,
        null,
        null,
        null,
        null,
        null,
        null,
        null,
        null
      ],
      "/Users/Silas/Development/spark6/masterclass/app/models/concerns/user_settings.rb": [
        1,
        1,
        1,
        null,
        1,
        null,
        null,
        null,
        null,
        null,
        null,
        1,
        null,
        null,
        null,
        null,
        null,
        1,
        null,
        null,
        null,
        1,
        0,
        0,
        null,
        null,
        1,
        0,
        0,
        null,
        null,
        1,
        0,
        null,
        null,
        1,
        0,
        null,
        null,
        1,
        0,
        null,
        null,
        1,
        0,
        null,
        null,
        1,
        0,
        null,
        null,
        1,
        0,
        null,
        null,
        1,
        0,
        null,
        null
      ],
      "/Users/Silas/Development/spark6/masterclass/app/models/order_processor.rb": [
        1,
        1,
        null,
        1,
        null,
        1,
        30,
        30,
        30,
        30,
        null,
        null,
        null,
        1,
        23,
        22,
        null,
        null,
        null,
        1,
        23,
        23,
        23,
        null,
        null,
        1,
        8,
        8,
        null,
        1,
        7,
        null,
        1,
        null,
        6,
        6,
        null,
        null,
        null,
        1,
        5,
        2,
        null,
        null,
        1,
        null,
        null,
        null,
        1,
        21,
        21,
        21,
        null,
        21,
        11,
        11,
        11,
        11,
        11,
        11,
        11,
        null,
        10,
        null,
        null,
        null,
        null,
        1,
        null,
        1,
        6,
        4,
        4,
        4,
        4,
        4,
        null,
        null,
        null,
        null,
        4,
        2,
        null,
        null,
        0,
        null,
        null,
        null,
        null,
        null,
        null,
        1,
        11,
        null,
        null,
        1,
        11,
        11,
        11,
        null,
        11,
        11,
        null,
        null,
        1,
        11,
        11,
        11,
        null,
        null,
        null,
        null,
        1,
        11,
        null,
        null,
        null,
        null,
        null,
        null,
        null,
        1,
        11,
        null,
        null,
        1,
        11,
        null,
        null,
        1,
        10,
        10,
        null,
        null,
        null
      ],
      "/Users/Silas/Development/spark6/masterclass/app/jobs/send_cart_reminder_email.rb": [
        1,
        null,
        1,
        null,
        null,
        null,
        null,
        null,
        5,
        null,
        null,
        1,
        2,
        8,
        8,
        4,
        4,
        4,
        4,
        null,
        null,
        null,
        null,
        null,
        null,
        null,
        1,
        1,
        1,
        null,
        null
      ],
      "/Users/Silas/Development/spark6/masterclass/app/jobs/send_welcome_email.rb": [
        1,
        1,
        2,
        2,
        2,
        2,
        null,
        null,
        null,
        1,
        1,
        1,
        null,
        null
      ],
      "/Users/Silas/Development/spark6/masterclass/app/mailers/account_mailer.rb": [
        1,
        1,
        28,
        null,
        1,
        null,
        1,
        9,
        9,
        null,
        null,
        1,
        0,
        null,
        null,
        1,
        18,
        18,
        18,
        null,
        null,
        null,
        1,
        null,
        1,
        null,
        null,
        null,
        null,
        27,
        null,
        null,
        null,
        null,
        null,
        null,
        null,
        null,
        null,
        null
      ],
      "/Users/Silas/Development/spark6/masterclass/app/mailers/admin_mailer.rb": [
        1,
        1,
        1,
        null,
        1,
        6,
        6,
        null,
        null
      ],
      "/Users/Silas/Development/spark6/masterclass/app/mailers/email_template_mailer.rb": [
        1,
        1,
        null,
        1,
        17,
        17,
        17,
        14,
        null,
        null,
        1,
        null,
        1,
        null,
        1,
        17,
        17,
        3,
        3,
        null,
        null,
        null,
        1,
        14,
        14,
        14,
        28,
        null,
        null,
        null,
        null
      ],
      "/Users/Silas/Development/spark6/masterclass/app/mailers/instructor_mailer.rb": [
        1,
        1,
        null,
        1,
        6,
        6,
        6,
        6,
        null,
        null
      ],
      "/Users/Silas/Development/spark6/masterclass/app/models/answer.rb": [
        1,
        1,
        1,
        null,
        1,
        null,
        null,
        null,
        1,
        null,
        null
      ],
      "/Users/Silas/Development/spark6/masterclass/app/models/authentication_converter.rb": [
        1,
        1,
        1,
        2,
        1,
        1,
        1,
        1,
        null,
        null,
        null,
        1,
        null,
        1,
        null,
        1,
        2,
        1,
        1,
        0,
        null,
        null,
        null,
        1,
        1,
        1,
        null,
        null,
        1,
        1,
        1,
        null,
        null,
        null,
        null,
        null,
        null,
        null,
        1,
        1,
        null,
        null,
        1,
        1,
        1,
        1,
        1,
        1,
        null,
        null,
        1,
        null,
        null,
        null,
        null,
        null,
        1,
        null,
        null,
        null
      ],
      "/Users/Silas/Development/spark6/masterclass/app/models/authentication.rb": [
        1,
        1,
        1,
        1,
        null
      ],
      "/Users/Silas/Development/spark6/masterclass/app/models/cart_product.rb": [
        1,
        1,
        1,
        null,
        1,
        1,
        null
      ],
      "/Users/Silas/Development/spark6/masterclass/app/models/cart.rb": [
        1,
        1,
        1,
        1,
        1,
        1,
        null,
        1,
        null,
        1,
        0,
        null,
        null
      ],
      "/Users/Silas/Development/spark6/masterclass/app/models/chapter.rb": [
        1,
        1,
        1,
        null,
        1,
        null,
        1,
        1,
        1,
        1,
        null,
        null,
        1,
        1,
        null,
        1,
        0,
        null,
        null,
        1,
        2,
        null,
        null,
        1,
        2,
        null,
        null
      ],
      "/Users/Silas/Development/spark6/masterclass/app/models/comment_voter.rb": [
        1,
        null,
        1,
        13,
        13,
        null,
        null,
        1,
        16,
        16,
        null,
        16,
        2,
        2,
        14,
        11,
        11,
        null,
        null,
        null,
        null,
        1,
        null,
        1,
        18,
        null,
        9,
        null,
        9,
        null,
        null,
        null,
        1,
        13,
        13,
        null,
        7,
        null,
        6,
        null,
        null,
        null,
        1,
        16,
        16,
        null,
        null,
        1,
        16,
        null,
        null,
        1,
        4,
        null,
        null,
        1,
        14,
        null,
        null,
        1,
        11,
        null,
        null
      ],
      "/Users/Silas/Development/spark6/masterclass/app/models/course_comment.rb": [
        1,
        1,
        1,
        1,
        1,
        null,
        1,
        null,
        1,
        3,
        null,
        null,
        1,
        0,
        0,
        null,
        0,
        null,
        null,
        null
      ],
      "/Users/Silas/Development/spark6/masterclass/app/models/course_fact.rb": [
        1,
        1,
        1,
        null,
        1,
        1,
        5,
        5,
        null,
        null,
        null,
        null,
        1,
        null,
        1,
        1,
        5,
        null,
        null,
        null,
        null
      ],
      "/Users/Silas/Development/spark6/masterclass/app/models/course_review.rb": [
        1,
        1,
        1,
        null,
        1,
        1,
        1,
        1,
        null,
        1,
        0,
        null,
        null,
        1,
        0,
        null,
        null
      ],
      "/Users/Silas/Development/spark6/masterclass/app/models/course.rb": [
        1,
        1,
        1,
        null,
        1,
        null,
        null,
        null,
        null,
        null,
        null,
        null,
        null,
        null,
        null,
        null,
        null,
        null,
        1,
        null,
        null,
        null,
        1,
        null,
        null,
        1,
        1,
        null,
        1,
        1,
        1,
        1,
        1,
        1,
        1,
        1,
        1,
        null,
        1,
        1,
        null,
        1,
        1,
        1,
        null,
        null,
        1,
        0,
        null,
        null,
        null
      ],
      "/Users/Silas/Development/spark6/masterclass/app/models/document.rb": [
        1,
        1,
        1,
        1,
        null,
        null,
        1,
        null,
        null,
        null
      ],
      "/Users/Silas/Development/spark6/masterclass/app/models/email_template.rb": [
        1,
        1,
        null,
        1,
        null
      ],
      "/Users/Silas/Development/spark6/masterclass/app/models/experiment_value.rb": [
        1,
        1,
        1,
        1,
        1,
        null
      ],
      "/Users/Silas/Development/spark6/masterclass/app/models/identity.rb": [
        1,
        1,
        null,
        null,
        1,
        1,
        null,
        1,
        null,
        1,
        64,
        null,
        1,
        4,
        4,
        null,
        0,
        null,
        null,
        null,
        1,
        null,
        1,
        63,
        null,
        null,
        1,
        37,
        1,
        0,
        null,
        0,
        null,
        1,
        null,
        1,
        null,
        null,
        null
      ],
      "/Users/Silas/Development/spark6/masterclass/app/models/image.rb": [
        1,
        1,
        1,
        null,
        1,
        null,
        null,
        null,
        null
      ],
      "/Users/Silas/Development/spark6/masterclass/app/models/instructor.rb": [
        1,
        1,
        1,
        null,
        1,
        null,
        null,
        null,
        1,
        null,
        null,
        1,
        null,
        null,
        1,
        null,
        null,
        1,
        null,
        null,
        1,
        null,
        1,
        null,
        1,
        null,
        1,
        0,
        null,
        null,
        1,
        0,
        null,
        null
      ],
      "/Users/Silas/Development/spark6/masterclass/app/models/message.rb": [
        1,
        1,
        1,
        1,
        null,
        1,
        null,
        1,
        null,
        1,
        1,
        1,
        null,
        1,
        19,
        25,
        null,
        null,
        null,
        1,
        4,
        null,
        null,
        null
      ],
      "/Users/Silas/Development/spark6/masterclass/app/models/order_converter.rb": [
        1,
        null,
        1,
        1,
        1,
        null,
        0,
        null,
        null,
        null
      ],
      "/Users/Silas/Development/spark6/masterclass/app/models/order_product.rb": [
        1,
        1,
        1,
        null,
        1,
        null
      ],
      "/Users/Silas/Development/spark6/masterclass/app/models/order.rb": [
        1,
        1,
        1,
        1,
        1,
        1,
        1,
        null,
        1,
        null,
        null,
        1,
        14,
        null,
        null,
        null,
        null,
        1,
        18,
        null,
        null,
        1,
        null,
        null,
        null,
        null,
        null,
        null,
        null,
        null,
        null
      ],
      "/Users/Silas/Development/spark6/masterclass/app/models/payment_processor.rb": [
        1,
        null,
        1,
        1,
        null,
        1,
        29,
        null,
        null,
        1,
        16,
        16,
        14,
        null,
        2,
        null,
        null,
        null,
        null,
        1,
        1,
        1,
        0,
        0,
        0,
        0,
        0,
        null,
        null,
        null,
        1,
        null,
        1,
        14,
        0,
        0,
        0,
        0,
        null,
        null,
        1,
        2,
        2,
        2,
        2,
        null,
        null,
        1,
        14,
        null,
        null,
        null,
        null,
        null,
        null,
        null,
        1,
        1,
        0,
        null,
        null,
        1,
        17,
        17,
        15,
        0,
        0,
        null,
        null,
        null,
        null,
        null,
        null,
        null,
        null,
        0,
        0,
        null,
        null,
        null,
        15,
        15,
        null,
        null,
        0,
        0,
        null,
        null,
        null,
        0,
        0,
        null,
        0,
        null,
        null,
        null,
        null
      ],
      "/Users/Silas/Development/spark6/masterclass/app/models/refund_processor.rb": [
        1,
        1,
        3,
        3,
        null,
        null,
        1,
        3,
        3,
        null,
        3,
        2,
        null,
        1,
        null,
        3,
        null,
        null,
        1,
        null,
        1,
        1,
        null,
        null,
        null,
        null,
        null,
        null,
        null,
        1,
        2,
        null,
        null,
        null
      ],
      "/Users/Silas/Development/spark6/masterclass/app/models/payment.rb": [
        1,
        1,
        null,
        1,
        1,
        null,
        null,
        null,
        1,
        null,
        null
      ],
      "/Users/Silas/Development/spark6/masterclass/app/models/product.rb": [
        1,
        1,
        1,
        null,
        null,
        1,
        1,
        null,
        1,
        3,
        null,
        null
      ],
      "/Users/Silas/Development/spark6/masterclass/app/models/question.rb": [
        1,
        1,
        1,
        1,
        1,
        null,
        null,
        1,
        1,
        null,
        1,
        null,
        null,
        null,
        null,
        null,
        1,
        null,
        1,
        0,
        null,
        null,
        1,
        0,
        null,
        null,
        1,
        0,
        null,
        null,
        1,
        0,
        null,
        null,
        null,
        1,
        null,
        1,
        null,
        null,
        null,
        1,
        null,
        1,
        0,
        0,
        null,
        0,
        0,
        null,
        0,
        null,
        null,
        null,
        null,
        null
      ],
      "/Users/Silas/Development/spark6/masterclass/app/models/concerns/mc_search.rb": [
        1,
        1,
        1,
        null,
        1,
        null,
        null,
        null,
        1,
        1,
        null,
        0,
        0,
        0,
        null,
        null,
        null,
        null,
        null,
        null,
        null,
        0,
        null,
        null,
        0,
        null,
        null,
        null,
        0,
        null,
        null,
        0,
        null,
        null,
        0,
        null,
        null,
        0,
        null,
        null,
        0,
        0,
        0,
        0,
        0,
        null,
        0,
        0,
        null,
        0,
        null,
        null,
        null,
        null,
        null,
        null,
        null,
        null,
        null,
        null,
        null,
        null,
        1,
        0,
        0,
        0,
        null,
        0,
        null,
        null,
        1,
        0,
        0,
        0,
        null,
        null,
        null,
        1,
        0,
        0,
        null,
        null,
        1,
        0,
        0,
        0,
        null,
        0,
        null,
        0,
        null,
        null,
        0,
        null,
        null,
        1,
        0,
        null,
        null,
        0,
        null,
        0,
        null,
        0,
        0,
        null,
        null,
        null,
        null,
        null,
        1,
        0,
        null,
        null,
        1,
        0,
        null,
        null,
        1,
        0,
        null,
        null,
        1,
        0,
        0,
        0,
        0,
        null,
        0,
        null,
        null,
        null,
        null
      ],
      "/Users/Silas/Development/spark6/masterclass/app/models/recommendation.rb": [
        1,
        1,
        1,
        null
      ],
      "/Users/Silas/Development/spark6/masterclass/app/models/user_authenticator.rb": [
        1,
        1,
        17,
        17,
        16,
        0,
        null,
        16,
        16,
        16,
        16,
        null,
        null,
        1,
        null,
        null,
        null,
        16,
        null,
        null,
        1,
        0,
        0,
        0,
        null,
        null,
        null,
        null,
        0,
        0,
        0,
        null,
        null,
        null,
        0,
        null,
        null,
        1,
        0,
        0,
        null,
        null,
        null,
        1,
        8,
        8,
        8,
        5,
        3,
        null,
        2,
        null,
        null,
        3,
        null,
        null,
        0,
        null,
        null,
        0,
        null,
        null,
        null,
        1,
        7,
        7,
        4,
        4,
        4,
        4,
        null,
        3,
        3,
        0,
        0,
        null,
        3,
        null,
        null,
        null,
        null,
        1,
        3,
        null,
        null,
        1,
        1,
        null,
        1,
        null,
        1,
        null,
        4,
        4,
        4,
        null,
        null,
        1,
        5,
        5,
        null,
        null,
        1,
        17,
        null,
        null,
        1,
        17,
        17,
        17,
        17,
        17,
        17,
        0,
        null,
        null,
        17,
        15,
        15,
        15,
        null,
        17,
        null,
        null,
        1,
        16,
        16,
        16,
        null,
        15,
        0,
        0,
        null,
        15,
        15,
        null,
        null
      ],
      "/Users/Silas/Development/spark6/masterclass/app/models/user.rb": [
        1,
        1,
        null,
        null,
        null,
        null,
        1,
        null,
        null,
        null,
        null,
        1,
        1,
        1,
        1,
        1,
        42,
        1,
        1,
        1,
        null,
        1,
        1,
        null,
        1,
        8,
        null,
        null,
        1,
        30,
        null,
        null,
        1,
        1,
        null,
        null,
        1,
        428,
        null,
        null,
        1,
        19,
        19,
        19,
        39,
        1,
        null,
        1,
        null,
        37,
        null,
        null,
        null,
        null,
        1,
        0,
        null,
        null,
        1,
        0,
        null,
        null,
        1,
        null,
        1,
        358,
        null,
        null,
        1,
        358,
        null,
        null,
        null,
        null
      ],
      "/Users/Silas/Development/spark6/masterclass/app/policies/chapter_policy.rb": [
        1,
        1,
        2,
        null,
        null,
        1,
        3,
        null,
        null,
        1,
        4,
        null,
        null,
        1,
        null,
        1,
        2,
        null,
        null
      ],
      "/Users/Silas/Development/spark6/masterclass/app/policies/course_policy.rb": [
        1,
        null,
        1,
        1,
        0,
        null,
        null,
        null,
        1,
        2,
        null,
        null,
        1,
        7,
        null,
        null,
        1,
        17,
        null,
        null,
        1,
        41,
        null,
        null,
        1,
        17,
        null,
        null,
        1,
        32,
        null,
        null,
        1,
        22,
        null,
        null,
        null,
        null,
        1,
        5,
        null,
        null,
        1,
        0,
        null,
        null,
        1,
        4,
        null,
        null,
        1,
        0,
        null,
        null,
        1,
        null,
        1,
        5,
        null,
        null,
        1,
        0,
        null,
        null
      ],
      "/Users/Silas/Development/spark6/masterclass/app/policies/application_policy.rb": [
        1,
        null,
        1,
        null,
        1,
        409,
        409,
        null,
        null,
        1,
        0,
        null,
        null,
        1,
        0,
        null,
        null,
        1,
        4,
        null,
        null,
        1,
        0,
        null,
        null,
        1,
        9,
        null,
        null,
        1,
        0,
        null,
        null,
        1,
        0,
        null,
        null,
        1,
        0,
        null,
        null,
        1,
        null,
        1,
        387,
        null,
        null
      ],
      "/Users/Silas/Development/spark6/masterclass/app/policies/course_comment_policy.rb": [
        1,
        null,
        null,
        1,
        6,
        null,
        null,
        1,
        1,
        null,
        null,
        null,
        1,
        13,
        null,
        null,
        null,
        1,
        13,
        null,
        null,
        1,
        11,
        null,
        null,
        1,
        4,
        null,
        null,
        1,
        4,
        null,
        null,
        null,
        1,
        5,
        null,
        null,
        1,
        null,
        1,
        20,
        null,
        null,
        null
      ],
      "/Users/Silas/Development/spark6/masterclass/app/policies/course_review_policy.rb": [
        1,
        null,
        1,
        6,
        null,
        null,
        1,
        4,
        null,
        null,
        1,
        0,
        null,
        null,
        1,
        8,
        null,
        null,
        1,
        8,
        null,
        null,
        1,
        3,
        null,
        null,
        1,
        4,
        null,
        null,
        1,
        0,
        null,
        null,
        1,
        null,
        1,
        10,
        null,
        null,
        1,
        6,
        null,
        null
      ],
      "/Users/Silas/Development/spark6/masterclass/app/policies/image_policy.rb": [
        1,
        1,
        2,
        null,
        null,
        1,
        2,
        null,
        null
      ],
      "/Users/Silas/Development/spark6/masterclass/app/policies/instructor_policy.rb": [
        1,
        1,
        3,
        null,
        null,
        1,
        3,
        null,
        null
      ],
      "/Users/Silas/Development/spark6/masterclass/app/policies/user_policy.rb": [
        1,
        null,
        1,
        1,
        1,
        null,
        null,
        null,
        1,
        3,
        null,
        null,
        1,
        3,
        null,
        null,
        1,
        2,
        null,
        null,
        1,
        2,
        null,
        null,
        1,
        11,
        null,
        null,
        1,
        4,
        null,
        null,
        1,
        2,
        null,
        null,
        1,
        0,
        null,
        null,
        1,
        7,
        null,
        null
      ],
      "/Users/Silas/Development/spark6/masterclass/app/queries/abandoned_cart_query.rb": [
        1,
        null,
        1,
        20,
        null,
        null,
        1,
        null,
        null,
        null,
        20,
        null,
        null,
        null,
        null,
        null,
        null
      ],
      "/Users/Silas/Development/spark6/masterclass/app/queries/user_course_needs_welcome_query.rb": [
        1,
        1,
        null,
        1,
        3,
        null,
        null,
        1,
        null,
        null,
        3,
        null,
        null,
        1,
        2,
        null,
        null
      ],
      "/Users/Silas/Development/spark6/masterclass/app/queries/users_without_course_query.rb": [
        1,
        null,
        1,
        2,
        null,
        null,
        1,
        2,
        null,
        null,
        1,
        0,
        null,
        null
      ],
      "/Users/Silas/Development/spark6/masterclass/app/models/course_detail.rb": [
        1,
        1,
        null
      ],
      "/Users/Silas/Development/spark6/masterclass/app/models/user_course.rb": [
        1,
        1,
        1,
        1,
        null,
        1,
        3,
        3,
        3,
        3,
        null,
        null
      ],
      "/Users/Silas/Development/spark6/masterclass/app/decorators/course_decorator.rb": [
        1,
        1,
        1,
        1,
        1,
        1,
        1,
        1,
        1,
        1,
        1,
        null,
        1,
        95,
        null,
        null,
        1,
        55,
        22,
        null,
        null,
        null,
        1,
        18,
        18,
        7,
        null,
        null,
        null,
        1,
        0,
        0,
        0,
        null,
        null,
        null,
        1,
        10,
        10,
        null,
        null,
        null,
        1,
        0,
        0,
        null,
        null,
        null,
        1,
        0,
        0,
        0,
        null,
        null,
        null,
        1,
        0,
        0,
        0,
        0,
        null,
        null,
        null,
        null,
        1,
        1,
        1,
        null,
        null,
        1,
        0,
        null,
        null,
        1,
        0,
        null,
        null,
        1,
        1,
        null,
        null,
        1,
        2,
        null,
        null,
        null,
        null,
        1,
        0,
        0,
        0,
        null,
        null,
        null,
        1,
        0,
        0,
        0,
        null,
        null,
        null,
        null
      ],
      "/Users/Silas/Development/spark6/masterclass/app/policies/recommendation_policy.rb": [
        1,
        null
      ],
      "/Users/Silas/Development/spark6/masterclass/app/policies/admin_policy.rb": [
        1,
        1,
        2,
        null,
        null,
        1,
        0,
        null,
        null,
        1,
        24,
        null,
        null,
        1,
        24,
        null,
        null,
        1,
        8,
        null,
        null
      ],
      "/Users/Silas/Development/spark6/masterclass/app/policies/product_policy.rb": [
        1,
        1,
        1,
        null,
        null,
        1,
        1,
        null,
        null,
        1,
        1,
        null,
        null,
        1,
        5,
        null,
        null,
        1,
        7,
        null,
        null,
        1,
        2,
        null,
        null
      ],
      "/Users/Silas/Development/spark6/masterclass/app/models/event_tracker.rb": [
        1,
        1,
        1,
        44,
        null,
        null,
        null
      ],
      "/Users/Silas/Development/spark6/masterclass/app/policies/cart_policy.rb": [
        1,
        1,
        1,
        null,
        null,
        1,
        2,
        null,
        null,
        1,
        1,
        null,
        null,
        1,
        0,
        null,
        null,
        1,
        0,
        null,
        null,
        1,
        0,
        null,
        null,
        1,
        3,
        null,
        null,
        1,
        null,
        1,
        4,
        null,
        null
      ],
      "/Users/Silas/Development/spark6/masterclass/app/policies/order_policy.rb": [
        1,
        1,
        1,
        null,
        null,
        1,
        1,
        null,
        null,
        1,
        0,
        null,
        null,
        1,
        0,
        null,
        null,
        1,
        0,
        null,
        null,
        1,
        0,
        null,
        null,
        1,
        0,
        null,
        null
      ],
      "/Users/Silas/Development/spark6/masterclass/app/policies/document_policy.rb": [
        1,
        1,
        5,
        null,
        null,
        1,
        4,
        null,
        null
      ],
      "/Users/Silas/Development/spark6/masterclass/app/policies/coupon_policy.rb": [
        1,
        null
      ],
      "/Users/Silas/Development/spark6/masterclass/app/policies/user_course_policy.rb": [
        1,
        1,
        1,
        null,
        null,
        1,
        5,
        null,
        null,
        1,
        1,
        null,
        null,
        1,
        1,
        null,
        null,
        1,
        4,
        null,
        null
      ],
      "/Users/Silas/Development/spark6/masterclass/app/policies/payment_policy.rb": [
        1,
        1,
        1,
        null,
        null,
        1,
        2,
        null,
        null
      ],
      "/Users/Silas/Development/spark6/masterclass/app/policies/course_fact_policy.rb": [
        1,
        null
      ],
      "/Users/Silas/Development/spark6/masterclass/app/models/video_player.rb": [
        1,
        null,
        1,
        null,
        1,
        null,
        null,
        null,
        null,
        null,
        null,
        null,
        null,
        null,
        null,
        null,
        null,
        1,
        1,
        1,
        null,
        null,
        1,
        1,
        null,
        null,
        null,
        null,
        1,
        null,
        null,
        1,
        0,
        null,
        null,
        null,
        null,
        null,
        0,
        null,
        null
      ],
      "/Users/Silas/Development/spark6/masterclass/app/policies/experiment_value_policy.rb": [
        1,
        null,
        1,
        1,
        0,
        null,
        null,
        null,
        1,
        1,
        null,
        null,
        1,
        0,
        null,
        null,
        1,
        1,
        null,
        null,
        1,
        5,
        null,
        null,
        1,
        1,
        null,
        null,
        1,
        5,
        null,
        null,
        1,
        2,
        null,
        null
      ],
      "/Users/Silas/Development/spark6/masterclass/app/policies/email_template_policy.rb": [
        1,
        null
      ],
      "/Users/Silas/Development/spark6/masterclass/app/decorators/cart_decorator.rb": [
        1,
        1,
        null,
        1,
        2,
        1,
        null,
        null,
        null,
        null,
        null
      ]
    },
    "timestamp": 1413478896
  }
}
